# JRE version: OpenJDK Runtime Environment Temurin-17.0.9+9 (17.0.9+9) (build 17.0.9+9)
# Java VM: OpenJDK 64-Bit Server VM Temurin-17.0.9+9 (17.0.9+9, mixed mode, tiered, compressed oops, compressed class ptrs, parallel gc, windows-amd64)
GC Precious Log:
 CPUs: 2 total, 2 available
 Memory: 7813M
 Large Page Support: Disabled
 NUMA Support: Disabled
 Compressed Oops: Enabled (32-bit)
 Alignments: Space 512K, Generation 512K, Heap 2M
 Heap Min Capacity: 100M
 Heap Initial Capacity: 100M
 Heap Max Capacity: 1G
 Pre-touch: Disabled
 Parallel Workers: 2
Heap:
 PSYoungGen      total 11776K, used 150K [0x00000000eab00000, 0x00000000eb900000, 0x0000000100000000)
  eden space 9216K, 1% used [0x00000000eab00000,0x00000000eab259e0,0x00000000eb400000)
  from space 2560K, 0% used [0x00000000eb680000,0x00000000eb680000,0x00000000eb900000)
  to   space 2560K, 0% used [0x00000000eb400000,0x00000000eb400000,0x00000000eb680000)
 ParOldGen       total 93696K, used 92078K [0x00000000c0000000, 0x00000000c5b80000, 0x00000000eab00000)
  object space 93696K, 98% used [0x00000000c0000000,0x00000000c59eba50,0x00000000c5b80000)
 Metaspace       used 71787K, committed 72896K, reserved 1114112K
  class space    used 8150K, committed 8640K, reserved 1048576K
GC Heap History (20 events):
Event: 44.231 GC heap before
{Heap before GC invocations=62 (full 4):
 PSYoungGen      total 11776K, used 11432K [0x00000000eab00000, 0x00000000eb880000, 0x0000000100000000)
  eden space 10240K, 100% used [0x00000000eab00000,0x00000000eb500000,0x00000000eb500000)
  from space 1536K, 77% used [0x00000000eb700000,0x00000000eb82a000,0x00000000eb880000)
  to   space 1536K, 0% used [0x00000000eb580000,0x00000000eb580000,0x00000000eb700000)
 ParOldGen       total 93696K, used 74033K [0x00000000c0000000, 0x00000000c5b80000, 0x00000000eab00000)
  object space 93696K, 79% used [0x00000000c0000000,0x00000000c484c4b0,0x00000000c5b80000)
 Metaspace       used 70737K, committed 71872K, reserved 1114112K
  class space    used 8083K, committed 8576K, reserved 1048576K
}
Event: 44.234 GC heap after
{Heap after GC invocations=62 (full 4):
 PSYoungGen      total 11776K, used 1510K [0x00000000eab00000, 0x00000000ebd00000, 0x0000000100000000)
  eden space 10240K, 0% used [0x00000000eab00000,0x00000000eab00000,0x00000000eb500000)
  from space 1536K, 98% used [0x00000000eb580000,0x00000000eb6f9880,0x00000000eb700000)
  to   space 4096K, 0% used [0x00000000eb900000,0x00000000eb900000,0x00000000ebd00000)
 ParOldGen       total 93696K, used 75795K [0x00000000c0000000, 0x00000000c5b80000, 0x00000000eab00000)
  object space 93696K, 80% used [0x00000000c0000000,0x00000000c4a04f78,0x00000000c5b80000)
 Metaspace       used 70737K, committed 71872K, reserved 1114112K
  class space    used 8083K, committed 8576K, reserved 1048576K
}
Event: 44.416 GC heap before
{Heap before GC invocations=63 (full 4):
 PSYoungGen      total 11776K, used 11750K [0x00000000eab00000, 0x00000000ebd00000, 0x0000000100000000)
  eden space 10240K, 100% used [0x00000000eab00000,0x00000000eb500000,0x00000000eb500000)
  from space 1536K, 98% used [0x00000000eb580000,0x00000000eb6f9880,0x00000000eb700000)
  to   space 4096K, 0% used [0x00000000eb900000,0x00000000eb900000,0x00000000ebd00000)
 ParOldGen       total 93696K, used 75795K [0x00000000c0000000, 0x00000000c5b80000, 0x00000000eab00000)
  object space 93696K, 80% used [0x00000000c0000000,0x00000000c4a04f78,0x00000000c5b80000)
 Metaspace       used 71054K, committed 72192K, reserved 1114112K
  class space    used 8083K, committed 8576K, reserved 1048576K
}
Event: 44.421 GC heap after
{Heap after GC invocations=63 (full 4):
 PSYoungGen      total 12288K, used 2032K [0x00000000eab00000, 0x00000000ebb00000, 0x0000000100000000)
  eden space 10240K, 0% used [0x00000000eab00000,0x00000000eab00000,0x00000000eb500000)
  from space 2048K, 99% used [0x00000000eb900000,0x00000000ebafc248,0x00000000ebb00000)
  to   space 2560K, 0% used [0x00000000eb600000,0x00000000eb600000,0x00000000eb880000)
 ParOldGen       total 93696K, used 77357K [0x00000000c0000000, 0x00000000c5b80000, 0x00000000eab00000)
  object space 93696K, 82% used [0x00000000c0000000,0x00000000c4b8b6b8,0x00000000c5b80000)
 Metaspace       used 71054K, committed 72192K, reserved 1114112K
  class space    used 8083K, committed 8576K, reserved 1048576K
}
Event: 44.533 GC heap before
{Heap before GC invocations=64 (full 4):
 PSYoungGen      total 12288K, used 12272K [0x00000000eab00000, 0x00000000ebb00000, 0x0000000100000000)
  eden space 10240K, 100% used [0x00000000eab00000,0x00000000eb500000,0x00000000eb500000)
  from space 2048K, 99% used [0x00000000eb900000,0x00000000ebafc248,0x00000000ebb00000)
  to   space 2560K, 0% used [0x00000000eb600000,0x00000000eb600000,0x00000000eb880000)
 ParOldGen       total 93696K, used 77357K [0x00000000c0000000, 0x00000000c5b80000, 0x00000000eab00000)
  object space 93696K, 82% used [0x00000000c0000000,0x00000000c4b8b6b8,0x00000000c5b80000)
 Metaspace       used 71061K, committed 72192K, reserved 1114112K
  class space    used 8083K, committed 8576K, reserved 1048576K
}
Event: 44.541 GC heap after
{Heap after GC invocations=64 (full 4):
 PSYoungGen      total 12800K, used 2093K [0x00000000eab00000, 0x00000000eba00000, 0x0000000100000000)
  eden space 10240K, 0% used [0x00000000eab00000,0x00000000eab00000,0x00000000eb500000)
  from space 2560K, 81% used [0x00000000eb600000,0x00000000eb80b4d8,0x00000000eb880000)
  to   space 1536K, 0% used [0x00000000eb880000,0x00000000eb880000,0x00000000eba00000)
 ParOldGen       total 93696K, used 80236K [0x00000000c0000000, 0x00000000c5b80000, 0x00000000eab00000)
  object space 93696K, 85% used [0x00000000c0000000,0x00000000c4e5b390,0x00000000c5b80000)
 Metaspace       used 71061K, committed 72192K, reserved 1114112K
  class space    used 8083K, committed 8576K, reserved 1048576K
}
Event: 45.600 GC heap before
{Heap before GC invocations=65 (full 4):
 PSYoungGen      total 12800K, used 12333K [0x00000000eab00000, 0x00000000eba00000, 0x0000000100000000)
  eden space 10240K, 100% used [0x00000000eab00000,0x00000000eb500000,0x00000000eb500000)
  from space 2560K, 81% used [0x00000000eb600000,0x00000000eb80b4d8,0x00000000eb880000)
  to   space 1536K, 0% used [0x00000000eb880000,0x00000000eb880000,0x00000000eba00000)
 ParOldGen       total 93696K, used 80236K [0x00000000c0000000, 0x00000000c5b80000, 0x00000000eab00000)
  object space 93696K, 85% used [0x00000000c0000000,0x00000000c4e5b390,0x00000000c5b80000)
 Metaspace       used 71670K, committed 72832K, reserved 1114112K
  class space    used 8140K, committed 8640K, reserved 1048576K
}
Event: 45.606 GC heap after
{Heap after GC invocations=65 (full 4):
 PSYoungGen      total 11264K, used 1518K [0x00000000eab00000, 0x00000000ebd00000, 0x0000000100000000)
  eden space 9728K, 0% used [0x00000000eab00000,0x00000000eab00000,0x00000000eb480000)
  from space 1536K, 98% used [0x00000000eb880000,0x00000000eb9fbb80,0x00000000eba00000)
  to   space 4096K, 0% used [0x00000000eb480000,0x00000000eb480000,0x00000000eb880000)
 ParOldGen       total 93696K, used 82303K [0x00000000c0000000, 0x00000000c5b80000, 0x00000000eab00000)
  object space 93696K, 87% used [0x00000000c0000000,0x00000000c505fe58,0x00000000c5b80000)
 Metaspace       used 71670K, committed 72832K, reserved 1114112K
  class space    used 8140K, committed 8640K, reserved 1048576K
}
Event: 45.894 GC heap before
{Heap before GC invocations=66 (full 4):
 PSYoungGen      total 11264K, used 11246K [0x00000000eab00000, 0x00000000ebd00000, 0x0000000100000000)
  eden space 9728K, 100% used [0x00000000eab00000,0x00000000eb480000,0x00000000eb480000)
  from space 1536K, 98% used [0x00000000eb880000,0x00000000eb9fbb80,0x00000000eba00000)
  to   space 4096K, 0% used [0x00000000eb480000,0x00000000eb480000,0x00000000eb880000)
 ParOldGen       total 93696K, used 82303K [0x00000000c0000000, 0x00000000c5b80000, 0x00000000eab00000)
  object space 93696K, 87% used [0x00000000c0000000,0x00000000c505fe58,0x00000000c5b80000)
 Metaspace       used 71725K, committed 72832K, reserved 1114112K
  class space    used 8146K, committed 8640K, reserved 1048576K
}
Event: 45.897 GC heap after
{Heap after GC invocations=66 (full 4):
 PSYoungGen      total 12288K, used 2079K [0x00000000eab00000, 0x00000000eba80000, 0x0000000100000000)
  eden space 9728K, 0% used [0x00000000eab00000,0x00000000eab00000,0x00000000eb480000)
  from space 2560K, 81% used [0x00000000eb480000,0x00000000eb687f78,0x00000000eb700000)
  to   space 3072K, 0% used [0x00000000eb780000,0x00000000eb780000,0x00000000eba80000)
 ParOldGen       total 93696K, used 83595K [0x00000000c0000000, 0x00000000c5b80000, 0x00000000eab00000)
  object space 93696K, 89% used [0x00000000c0000000,0x00000000c51a2e30,0x00000000c5b80000)
 Metaspace       used 71725K, committed 72832K, reserved 1114112K
  class space    used 8146K, committed 8640K, reserved 1048576K
}
Event: 46.123 GC heap before
{Heap before GC invocations=67 (full 4):
 PSYoungGen      total 12288K, used 11807K [0x00000000eab00000, 0x00000000eba80000, 0x0000000100000000)
  eden space 9728K, 99% used [0x00000000eab00000,0x00000000eb47fc98,0x00000000eb480000)
  from space 2560K, 81% used [0x00000000eb480000,0x00000000eb687f78,0x00000000eb700000)
  to   space 3072K, 0% used [0x00000000eb780000,0x00000000eb780000,0x00000000eba80000)
 ParOldGen       total 93696K, used 83595K [0x00000000c0000000, 0x00000000c5b80000, 0x00000000eab00000)
  object space 93696K, 89% used [0x00000000c0000000,0x00000000c51a2e30,0x00000000c5b80000)
 Metaspace       used 71725K, committed 72832K, reserved 1114112K
  class space    used 8146K, committed 8640K, reserved 1048576K
}
Event: 46.127 GC heap after
{Heap after GC invocations=67 (full 4):
 PSYoungGen      total 12288K, used 2231K [0x00000000eab00000, 0x00000000eba00000, 0x0000000100000000)
  eden space 9728K, 0% used [0x00000000eab00000,0x00000000eab00000,0x00000000eb480000)
  from space 2560K, 87% used [0x00000000eb780000,0x00000000eb9adc70,0x00000000eba00000)
  to   space 2560K, 0% used [0x00000000eb480000,0x00000000eb480000,0x00000000eb700000)
 ParOldGen       total 93696K, used 85603K [0x00000000c0000000, 0x00000000c5b80000, 0x00000000eab00000)
  object space 93696K, 91% used [0x00000000c0000000,0x00000000c5398e70,0x00000000c5b80000)
 Metaspace       used 71725K, committed 72832K, reserved 1114112K
  class space    used 8146K, committed 8640K, reserved 1048576K
}
Event: 46.285 GC heap before
{Heap before GC invocations=68 (full 4):
 PSYoungGen      total 12288K, used 11959K [0x00000000eab00000, 0x00000000eba00000, 0x0000000100000000)
  eden space 9728K, 100% used [0x00000000eab00000,0x00000000eb480000,0x00000000eb480000)
  from space 2560K, 87% used [0x00000000eb780000,0x00000000eb9adc70,0x00000000eba00000)
  to   space 2560K, 0% used [0x00000000eb480000,0x00000000eb480000,0x00000000eb700000)
 ParOldGen       total 93696K, used 85603K [0x00000000c0000000, 0x00000000c5b80000, 0x00000000eab00000)
  object space 93696K, 91% used [0x00000000c0000000,0x00000000c5398e70,0x00000000c5b80000)
 Metaspace       used 71727K, committed 72832K, reserved 1114112K
  class space    used 8146K, committed 8640K, reserved 1048576K
}
Event: 46.300 GC heap after
{Heap after GC invocations=68 (full 4):
 PSYoungGen      total 12288K, used 2200K [0x00000000eab00000, 0x00000000eb980000, 0x0000000100000000)
  eden space 9728K, 0% used [0x00000000eab00000,0x00000000eab00000,0x00000000eb480000)
  from space 2560K, 85% used [0x00000000eb480000,0x00000000eb6a6040,0x00000000eb700000)
  to   space 2560K, 0% used [0x00000000eb700000,0x00000000eb700000,0x00000000eb980000)
 ParOldGen       total 93696K, used 87814K [0x00000000c0000000, 0x00000000c5b80000, 0x00000000eab00000)
  object space 93696K, 93% used [0x00000000c0000000,0x00000000c55c18a0,0x00000000c5b80000)
 Metaspace       used 71727K, committed 72832K, reserved 1114112K
  class space    used 8146K, committed 8640K, reserved 1048576K
}
Event: 46.698 GC heap before
{Heap before GC invocations=69 (full 4):
 PSYoungGen      total 12288K, used 11928K [0x00000000eab00000, 0x00000000eb980000, 0x0000000100000000)
  eden space 9728K, 100% used [0x00000000eab00000,0x00000000eb480000,0x00000000eb480000)
  from space 2560K, 85% used [0x00000000eb480000,0x00000000eb6a6040,0x00000000eb700000)
  to   space 2560K, 0% used [0x00000000eb700000,0x00000000eb700000,0x00000000eb980000)
 ParOldGen       total 93696K, used 87814K [0x00000000c0000000, 0x00000000c5b80000, 0x00000000eab00000)
  object space 93696K, 93% used [0x00000000c0000000,0x00000000c55c18a0,0x00000000c5b80000)
 Metaspace       used 71744K, committed 72896K, reserved 1114112K
  class space    used 8150K, committed 8640K, reserved 1048576K
}
Event: 46.710 GC heap after
{Heap after GC invocations=69 (full 4):
 PSYoungGen      total 11776K, used 2537K [0x00000000eab00000, 0x00000000eba80000, 0x0000000100000000)
  eden space 9216K, 0% used [0x00000000eab00000,0x00000000eab00000,0x00000000eb400000)
  from space 2560K, 99% used [0x00000000eb700000,0x00000000eb97a630,0x00000000eb980000)
  to   space 3072K, 0% used [0x00000000eb400000,0x00000000eb400000,0x00000000eb700000)
 ParOldGen       total 93696K, used 89921K [0x00000000c0000000, 0x00000000c5b80000, 0x00000000eab00000)
  object space 93696K, 95% used [0x00000000c0000000,0x00000000c57d0500,0x00000000c5b80000)
 Metaspace       used 71744K, committed 72896K, reserved 1114112K
  class space    used 8150K, committed 8640K, reserved 1048576K
}
Event: 46.748 GC heap before
{Heap before GC invocations=70 (full 4):
 PSYoungGen      total 11776K, used 11753K [0x00000000eab00000, 0x00000000eba80000, 0x0000000100000000)
  eden space 9216K, 100% used [0x00000000eab00000,0x00000000eb400000,0x00000000eb400000)
  from space 2560K, 99% used [0x00000000eb700000,0x00000000eb97a630,0x00000000eb980000)
  to   space 3072K, 0% used [0x00000000eb400000,0x00000000eb400000,0x00000000eb700000)
 ParOldGen       total 93696K, used 89921K [0x00000000c0000000, 0x00000000c5b80000, 0x00000000eab00000)
  object space 93696K, 95% used [0x00000000c0000000,0x00000000c57d0500,0x00000000c5b80000)
 Metaspace       used 71744K, committed 72896K, reserved 1114112K
  class space    used 8150K, committed 8640K, reserved 1048576K
}
Event: 46.752 GC heap after
{Heap after GC invocations=70 (full 4):
 PSYoungGen      total 11776K, used 2057K [0x00000000eab00000, 0x00000000eb900000, 0x0000000100000000)
  eden space 9216K, 0% used [0x00000000eab00000,0x00000000eab00000,0x00000000eb400000)
  from space 2560K, 80% used [0x00000000eb400000,0x00000000eb602650,0x00000000eb680000)
  to   space 2560K, 0% used [0x00000000eb680000,0x00000000eb680000,0x00000000eb900000)
 ParOldGen       total 93696K, used 92429K [0x00000000c0000000, 0x00000000c5b80000, 0x00000000eab00000)
  object space 93696K, 98% used [0x00000000c0000000,0x00000000c5a43650,0x00000000c5b80000)
 Metaspace       used 71744K, committed 72896K, reserved 1114112K
  class space    used 8150K, committed 8640K, reserved 1048576K
}
Event: 46.752 GC heap before
{Heap before GC invocations=71 (full 5):
 PSYoungGen      total 11776K, used 2057K [0x00000000eab00000, 0x00000000eb900000, 0x0000000100000000)
  eden space 9216K, 0% used [0x00000000eab00000,0x00000000eab00000,0x00000000eb400000)
  from space 2560K, 80% used [0x00000000eb400000,0x00000000eb602650,0x00000000eb680000)
  to   space 2560K, 0% used [0x00000000eb680000,0x00000000eb680000,0x00000000eb900000)
 ParOldGen       total 93696K, used 92429K [0x00000000c0000000, 0x00000000c5b80000, 0x00000000eab00000)
  object space 93696K, 98% used [0x00000000c0000000,0x00000000c5a43650,0x00000000c5b80000)
 Metaspace       used 71744K, committed 72896K, reserved 1114112K
  class space    used 8150K, committed 8640K, reserved 1048576K
}
Event: 46.876 GC heap after
{Heap after GC invocations=71 (full 5):
 PSYoungGen      total 11776K, used 0K [0x00000000eab00000, 0x00000000eb900000, 0x0000000100000000)
  eden space 9216K, 0% used [0x00000000eab00000,0x00000000eab00000,0x00000000eb400000)
  from space 2560K, 0% used [0x00000000eb680000,0x00000000eb680000,0x00000000eb900000)
  to   space 2560K, 0% used [0x00000000eb400000,0x00000000eb400000,0x00000000eb680000)
 ParOldGen       total 93696K, used 92078K [0x00000000c0000000, 0x00000000c5b80000, 0x00000000eab00000)
  object space 93696K, 98% used [0x00000000c0000000,0x00000000c59eba50,0x00000000c5b80000)
 Metaspace       used 71744K, committed 72896K, reserved 1114112K
  class space    used 8150K, committed 8640K, reserved 1048576K
}

